#
# There is insufficient memory for the Java Runtime Environment to continue.
# Native memory allocation (mmap) failed to map 805306368 bytes for G1 virtual space
# Possible reasons:
#   The system is out of physical RAM or swap space
#   The process is running with CompressedOops enabled, and the Java Heap may be blocking the growth of the native heap
# Possible solutions:
#   Reduce memory load on the system
#   Increase physical memory or swap space
#   Check if swap backing store is full
#   Decrease Java heap size (-Xmx/-Xms)
#   Decrease number of Java threads
#   Decrease Java thread stack sizes (-Xss)
#   Set larger code cache with -XX:ReservedCodeCacheSize=
#   JVM is running with Zero Based Compressed Oops mode in which the Java heap is
#     placed in the first 32GB address space. The Java Heap base address is the
#     maximum limit for the native heap growth. Please use -XX:HeapBaseMinAddress
#     to set the Java Heap base and to place the Java Heap above 32GB virtual address.
# This output file may be truncated or incomplete.
#
#  Out of Memory Error (os_windows.cpp:3825), pid=55564, tid=10936
#
# JRE version:  (17.0.9+7) (build )
# Java VM: OpenJDK 64-Bit Server VM (17.0.9+7-b1087.9, mixed mode, sharing, tiered, compressed oops, compressed class ptrs, g1 gc, windows-amd64)
# No core dump will be written. Minidumps are not enabled by default on client versions of Windows
#

---------------  S U M M A R Y ------------

Command Line: git4idea.http.GitAskPassApp Username for 'https://github.com': 

Host: Intel(R) Core(TM) i7-8700K CPU @ 3.70GHz, 12 cores, 47G,  Windows 11 , 64 bit Build 22621 (10.0.22621.3085)
Time: Sat Feb 24 23:49:58 2024 Eastern Standard Time elapsed time: 0.009272 seconds (0d 0h 0m 0s)

---------------  T H R E A D  ---------------

Current thread (0x0000021a54546640):  JavaThread "Unknown thread" [_thread_in_vm, id=10936, stack(0x00000075d9d00000,0x00000075d9e00000)]

Stack: [0x00000075d9d00000,0x00000075d9e00000]
Native frames: (J=compiled Java code, j=interpreted, Vv=VM code, C=native code)
V  [jvm.dll+0x688349]
V  [jvm.dll+0x841bfa]
V  [jvm.dll+0x84383e]
V  [jvm.dll+0x843ea3]
V  [jvm.dll+0x24bdef]
V  [jvm.dll+0x6850f9]
V  [jvm.dll+0x67988a]
V  [jvm.dll+0x30cbfb]
V  [jvm.dll+0x3140a6]
V  [jvm.dll+0x363ede]
V  [jvm.dll+0x36410f]
V  [jvm.dll+0x2e29c8]
V  [jvm.dll+0x2e3934]
V  [jvm.dll+0x812771]
V  [jvm.dll+0x371d41]
V  [jvm.dll+0x7f12bc]
V  [jvm.dll+0x3f59cf]
V  [jvm.dll+0x3f7601]
C  [jli.dll+0x528f]
C  [ucrtbase.dll+0x29363]
C  [KERNEL32.DLL+0x1257d]
C  [ntdll.dll+0x5aa58]


---------------  P R O C E S S  ---------------

Threads class SMR info:
_java_thread_list=0x00007ffa4786df18, length=0, elements={
}

Java Threads: ( => current thread )

Other Threads:
  0x0000021a779f0620 GCTaskThread "GC Thread#0" [stack: 0x00000075d9e00000,0x00000075d9f00000] [id=67396]
  0x0000021a545dd650 ConcurrentGCThread "G1 Main Marker" [stack: 0x00000075d9f00000,0x00000075da000000] [id=67032]
  0x0000021a545dde80 ConcurrentGCThread "G1 Conc#0" [stack: 0x00000075da000000,0x00000075da100000] [id=67364]

[error occurred during error reporting (printing all threads), id 0xc0000005, EXCEPTION_ACCESS_VIOLATION (0xc0000005) at pc=0x00007ffa47023597]

VM state: not at safepoint (not fully initialized)

VM Mutex/Monitor currently owned by a thread:  ([mutex/lock_event])
[0x0000021a54542260] Heap_lock - owner thread: 0x0000021a54546640

Heap address: 0x0000000501000000, size: 12272 MB, Compressed Oops mode: Zero based, Oop shift amount: 3

CDS archive(s) mapped at: [0x0000000000000000-0x0000000000000000-0x0000000000000000), size 0, SharedBaseAddress: 0x0000000800000000, ArchiveRelocationMode: 1.
Narrow klass base: 0x0000000000000000, Narrow klass shift: 0, Narrow klass range: 0x0

GC Precious Log:
<Empty>

Heap:
 garbage-first heap   total 0K, used 0K [0x0000000501000000, 0x0000000800000000)
  region size 8192K, 0 young (0K), 0 survivors (0K)
 Metaspace       used 0K, committed 0K, reserved 0K
  class space    used 0K, committed 0K, reserved 0K

Heap Regions: E=young(eden), S=young(survivor), O=old, HS=humongous(starts), HC=humongous(continues), CS=collection set, F=free, OA=open archive, CA=closed archive, TAMS=top-at-mark-start (previous, next)

Card table byte_map: [0x0000021a68a00000,0x0000021a6a200000] _byte_map_base: 0x0000021a661f8000

Marking Bits (Prev, Next): (CMBitMap*) 0x0000021a545d0fa0, (CMBitMap*) 0x0000021a545d0fe0
 Prev Bits: [0x0000021a6ba00000, 0x0000021a779c0000)
 Next Bits: [0x0000021a00000000, 0x0000021a0bfc0000)

GC Heap History (0 events):
No events

Dll operation events (1 events):
Event: 0.006 Loaded shared library C:\Program Files\JetBrains\WebStorm 2023.3.2\jbr\bin\java.dll

Deoptimization events (0 events):
No events

Classes unloaded (0 events):
No events

Classes redefined (0 events):
No events

Internal exceptions (0 events):
No events

VM Operations (0 events):
No events

Events (0 events):
No events


Dynamic libraries:
0x00007ff630970000 - 0x00007ff63097a000 	C:\Program Files\JetBrains\WebStorm 2023.3.2\jbr\bin\java.exe
0x00007ffb96310000 - 0x00007ffb96527000 	C:\WINDOWS\SYSTEM32\ntdll.dll
0x00007ffb95cd0000 - 0x00007ffb95d94000 	C:\WINDOWS\System32\KERNEL32.DLL
0x00007ffb936c0000 - 0x00007ffb93a66000 	C:\WINDOWS\System32\KERNELBASE.dll
0x00007ffb93be0000 - 0x00007ffb93cf1000 	C:\WINDOWS\System32\ucrtbase.dll
0x00007ffb4d390000 - 0x00007ffb4d3a7000 	C:\Program Files\JetBrains\WebStorm 2023.3.2\jbr\bin\jli.dll
0x00007ffb94280000 - 0x00007ffb9442e000 	C:\WINDOWS\System32\USER32.dll
0x00007ffb81ad0000 - 0x00007ffb81aeb000 	C:\Program Files\JetBrains\WebStorm 2023.3.2\jbr\bin\VCRUNTIME140.dll
0x00007ffb93d00000 - 0x00007ffb93d26000 	C:\WINDOWS\System32\win32u.dll
0x00007ffb73c80000 - 0x00007ffb73f13000 	C:\WINDOWS\WinSxS\amd64_microsoft.windows.common-controls_6595b64144ccf1df_6.0.22621.2506_none_270c5ae97388e100\COMCTL32.dll
0x00007ffb95be0000 - 0x00007ffb95c09000 	C:\WINDOWS\System32\GDI32.dll
0x00007ffb95e60000 - 0x00007ffb95f07000 	C:\WINDOWS\System32\msvcrt.dll
0x00007ffb93d30000 - 0x00007ffb93e48000 	C:\WINDOWS\System32\gdi32full.dll
0x00007ffb93f40000 - 0x00007ffb93fda000 	C:\WINDOWS\System32\msvcp_win.dll
0x00007ffb940e0000 - 0x00007ffb94111000 	C:\WINDOWS\System32\IMM32.DLL
0x00007ffb904b0000 - 0x00007ffb904bc000 	C:\Program Files\JetBrains\WebStorm 2023.3.2\jbr\bin\vcruntime140_1.dll
0x00007ffb4da50000 - 0x00007ffb4dadd000 	C:\Program Files\JetBrains\WebStorm 2023.3.2\jbr\bin\msvcp140.dll
0x00007ffa46d30000 - 0x00007ffa479b2000 	C:\Program Files\JetBrains\WebStorm 2023.3.2\jbr\bin\server\jvm.dll
0x00007ffb95c10000 - 0x00007ffb95cc3000 	C:\WINDOWS\System32\ADVAPI32.dll
0x00007ffb96220000 - 0x00007ffb962c8000 	C:\WINDOWS\System32\sechost.dll
0x00007ffb93f10000 - 0x00007ffb93f38000 	C:\WINDOWS\System32\bcrypt.dll
0x00007ffb945f0000 - 0x00007ffb94707000 	C:\WINDOWS\System32\RPCRT4.dll
0x00007ffb924a0000 - 0x00007ffb924ed000 	C:\WINDOWS\SYSTEM32\POWRPROF.dll
0x00007ffb8ae10000 - 0x00007ffb8ae44000 	C:\WINDOWS\SYSTEM32\WINMM.dll
0x00007ffb768e0000 - 0x00007ffb768e9000 	C:\WINDOWS\SYSTEM32\WSOCK32.dll
0x00007ffb94060000 - 0x00007ffb940d1000 	C:\WINDOWS\System32\WS2_32.dll
0x00007ffb89210000 - 0x00007ffb8921a000 	C:\WINDOWS\SYSTEM32\VERSION.dll
0x00007ffb92480000 - 0x00007ffb92493000 	C:\WINDOWS\SYSTEM32\UMPDC.dll
0x00007ffb926e0000 - 0x00007ffb926f8000 	C:\WINDOWS\SYSTEM32\kernel.appcore.dll
0x00007ffb80e20000 - 0x00007ffb80e2a000 	C:\Program Files\JetBrains\WebStorm 2023.3.2\jbr\bin\jimage.dll
0x00007ffb90e50000 - 0x00007ffb91083000 	C:\WINDOWS\SYSTEM32\DBGHELP.DLL
0x00007ffb956b0000 - 0x00007ffb95a39000 	C:\WINDOWS\System32\combase.dll
0x00007ffb955d0000 - 0x00007ffb956a7000 	C:\WINDOWS\System32\OLEAUT32.dll
0x00007ffb82d60000 - 0x00007ffb82d92000 	C:\WINDOWS\SYSTEM32\dbgcore.DLL
0x00007ffb93fe0000 - 0x00007ffb9405a000 	C:\WINDOWS\System32\bcryptPrimitives.dll
0x00007ffb71860000 - 0x00007ffb71885000 	C:\Program Files\JetBrains\WebStorm 2023.3.2\jbr\bin\java.dll

dbghelp: loaded successfully - version: 4.0.5 - missing functions: none
symbol engine: initialized successfully - sym options: 0x614 - pdb path: .;C:\Program Files\JetBrains\WebStorm 2023.3.2\jbr\bin;C:\WINDOWS\SYSTEM32;C:\WINDOWS\WinSxS\amd64_microsoft.windows.common-controls_6595b64144ccf1df_6.0.22621.2506_none_270c5ae97388e100;C:\Program Files\JetBrains\WebStorm 2023.3.2\jbr\bin\server

VM Arguments:
java_command: git4idea.http.GitAskPassApp Username for 'https://github.com': 
java_class_path (initial): C:/Program Files/JetBrains/WebStorm 2023.3.2/plugins/vcs-git/lib/git4idea-rt.jar;C:/Program Files/JetBrains/WebStorm 2023.3.2/lib/externalProcess-rt.jar
Launcher Type: SUN_STANDARD

[Global flags]
     intx CICompilerCount                          = 4                                         {product} {ergonomic}
     uint ConcGCThreads                            = 3                                         {product} {ergonomic}
     uint G1ConcRefinementThreads                  = 10                                        {product} {ergonomic}
   size_t G1HeapRegionSize                         = 8388608                                   {product} {ergonomic}
    uintx GCDrainStackTargetSize                   = 64                                        {product} {ergonomic}
   size_t InitialHeapSize                          = 805306368                                 {product} {ergonomic}
   size_t MarkStackSize                            = 4194304                                   {product} {ergonomic}
   size_t MaxHeapSize                              = 12868124672                               {product} {ergonomic}
   size_t MinHeapDeltaBytes                        = 8388608                                   {product} {ergonomic}
   size_t MinHeapSize                              = 8388608                                   {product} {ergonomic}
    uintx NonNMethodCodeHeapSize                   = 5839372                                {pd product} {ergonomic}
    uintx NonProfiledCodeHeapSize                  = 122909434                              {pd product} {ergonomic}
    uintx ProfiledCodeHeapSize                     = 122909434                              {pd product} {ergonomic}
    uintx ReservedCodeCacheSize                    = 251658240                              {pd product} {ergonomic}
     bool SegmentedCodeCache                       = true                                      {product} {ergonomic}
   size_t SoftMaxHeapSize                          = 12868124672                            {manageable} {ergonomic}
     bool UseCompressedClassPointers               = true                           {product lp64_product} {ergonomic}
     bool UseCompressedOops                        = true                           {product lp64_product} {ergonomic}
     bool UseG1GC                                  = true                                      {product} {ergonomic}
     bool UseLargePagesIndividualAllocation        = false                                  {pd product} {ergonomic}

Logging:
Log output configuration:
 #0: stdout all=warning uptime,level,tags
 #1: stderr all=off uptime,level,tags

Environment Variables:
JAVA_HOME=C:\Program Files\Java\jdk-17.0.1
PATH=C:\Program Files\Git\mingw64\libexec\git-core;C:\Program Files\Git\mingw64\libexec\git-core;C:\Program Files\Git\mingw64\bin;C:\Program Files\Git\usr\bin;C:\Users\alex\bin;C:\Program Files\NVIDIA GPU Computing Toolkit\CUDA\v12.1\bin;C:\Program Files\NVIDIA GPU Computing Toolkit\CUDA\v12.1\libnvvp;C:\Program Files\Microsoft MPI\Bin;C:\Program Files (x86)\VMware\VMware Player\bin;C:\Program Files\Common Files\Oracle\Java\javapath;C:\Windows\system32;C:\Windows;C:\Windows\System32\Wbem;C:\Windows\System32\WindowsPowerShell\v1.0;C:\Windows\System32\OpenSSH;C:\Program Files\Git\cmd;C:\Program Files (x86)\NVIDIA Corporation\PhysX\Common;C:\Program Files\NVIDIA Corporation\NVIDIA NvDLISR;C:\Program Files\dotnet;C:\Users\alex\Desktop\Coding\Py\JobBot\chromedriver_win32\chromedriver.exe;C:\ProgramData\chocolatey\bin;C:\Program Files (x86)\Sennheiser\SenncomSDK;C:\Program Files\nodejs;C:\Program Files (x86)\Microsoft SQL Server\160\Tools\Binn;C:\Program Files\Microsoft SQL Server\160\Tools\Binn;C:\Program Files\Microsoft SQL Server\Client SDK\ODBC\170\Tools\Binn;C:\Program Files\Microsoft SQL Server\160\DTS\Binn;C:\Program Files\Docker\Docker\resources\bin;C:\WINDOWS\system32;C:\WINDOWS;C:\WINDOWS\System32\Wbem;C:\WINDOWS\System32\WindowsPowerShell\v1.0;C:\WINDOWS\System32\OpenSSH;C:\Program Files\NVIDIA Corporation\Nsight Compute 2023.1.0;C:\Program Files\PuTTY;C:\Users\alex\AppData\Local\Programs\Python\Launcher;C:\Program Files\MySQL\MySQL Shell 8.0\bin;C:\Users\alex\AppData\Local\Programs\Microsoft VS Code\bin;C:\Users\alex\AppData\Local\Programs\Python\Python38;C:\Users\alex\AppData\Local\Programs\Python\Python38\Lib;C:\Users\alex\AppData\Local\Programs\Python\Python38\libs;C:\Users\alex\AppData\Local\Programs\Python\Python38\Scripts;C:\MinGW\bin;C:\Users\alex\AppData\Local\GitHubDesktop\bin;C:\Users\alex\Anaconda3;C:\Users\alex\Anaconda3\Scripts;C:\Users\alex\AppData\Local\atom\bin;C:\Users\alex\AppData\Local\Programs\Python\Python38\python.exe;C:\Users\alex\.dotnet\t
USERNAME=alex
DISPLAY=:0.0
LC_ALL=en_US.UTF-8
TERM=cygwin
TMPDIR=C:\Users\alex\AppData\Local\Temp
OS=Windows_NT
PROCESSOR_IDENTIFIER=Intel64 Family 6 Model 158 Stepping 10, GenuineIntel
TMP=C:\Users\alex\AppData\Local\Temp
TEMP=C:\Users\alex\AppData\Local\Temp



Periodic native trim disabled

JNI global refs:
JNI global refs: 0, weak refs: 0

JNI global refs memory usage: 0, weak refs: 0

OOME stack traces (most recent first):
Classloader memory used:


---------------  S Y S T E M  ---------------

OS:
 Windows 11 , 64 bit Build 22621 (10.0.22621.3085)
OS uptime: 8 days 14:17 hours
Hyper-V role detected

CPU: total 12 (initial active 12) (6 cores per cpu, 2 threads per core) family 6 model 158 stepping 10 microcode 0xde, cx8, cmov, fxsr, ht, mmx, 3dnowpref, sse, sse2, sse3, ssse3, sse4.1, sse4.2, popcnt, lzcnt, tsc, tscinvbit, avx, avx2, aes, erms, clmul, bmi1, bmi2, rtm, adx, fma, vzeroupper, clflush, clflushopt, hv
Processor Information for all 12 processors :
  Max Mhz: 3696, Current Mhz: 3696, Mhz Limit: 3696

Memory: 4k page, system-wide physical 49081M (22949M free)
TotalPageFile size 196537M (AvailPageFile size 558M)
current process WorkingSet (physical memory assigned to process): 12M, peak: 12M
current process commit charge ("private bytes"): 64M, peak: 832M

vm_info: OpenJDK 64-Bit Server VM (17.0.9+7-b1087.9) for windows-amd64 JRE (17.0.9+7-b1087.9), built on 2023-12-05 by "builduser" with MS VC++ 16.10 / 16.11 (VS2019)

END.
